<?xml version="1.0" encoding="UTF-8"?>
<testsuite name="com.example.failingchecks.ExampleUnitTest" tests="1" skipped="0" failures="0" errors="0" timestamp="2022-03-08T06:46:15" hostname="monster" time="0.001">
  <properties/>
  <testcase name="addition_isCorrect" classname="com.example.failingchecks.ExampleUnitTest" time="0.001"/>
  <system-out><![CDATA[]]></system-out>
  <system-err><![CDATA[]]></system-err>
</testsuite>
